[debug] [2020-04-04T19:11:18.191Z] ----------------------------------------------------------------------
[debug] [2020-04-04T19:11:18.192Z] Command:       /usr/local/bin/node /usr/local/bin/firebase init
[debug] [2020-04-04T19:11:18.193Z] CLI Version:   7.16.0
[debug] [2020-04-04T19:11:18.193Z] Platform:      darwin
[debug] [2020-04-04T19:11:18.193Z] Node Version:  v12.14.1
[debug] [2020-04-04T19:11:18.193Z] Time:          Sat Apr 04 2020 14:11:18 GMT-0500 (Central Daylight Time)
[debug] [2020-04-04T19:11:18.193Z] ----------------------------------------------------------------------
[debug] [2020-04-04T19:11:18.193Z] 
[debug] [2020-04-04T19:11:18.198Z] > command requires scopes: ["email","openid","https://www.googleapis.com/auth/cloudplatformprojects.readonly","https://www.googleapis.com/auth/firebase","https://www.googleapis.com/auth/cloud-platform"]
[debug] [2020-04-04T19:11:18.199Z] > authorizing via signed-in user
[info] 
     ######## #### ########  ######## ########     ###     ######  ########
     ##        ##  ##     ## ##       ##     ##  ##   ##  ##       ##
     ######    ##  ########  ######   ########  #########  ######  ######
     ##        ##  ##    ##  ##       ##     ## ##     ##       ## ##
     ##       #### ##     ## ######## ########  ##     ##  ######  ########

You're about to initialize a Firebase project in this directory:

  /Users/mariafaulisi/Projects/corona-info-and-help

Before we get started, keep in mind:

  * You are initializing in an existing Firebase project directory

[info] 
=== Project Setup
[info] 
[info] First, let's associate this project directory with a Firebase project.
[info] You can create multiple project aliases by running firebase use --add, 
[info] but for now we'll just set up a default project.
[info] 
[info] i  .firebaserc already has a default project, using covid19-info-and-help.
[debug] [2020-04-04T19:11:29.477Z] >>> HTTP REQUEST GET https://firebase.googleapis.com/v1beta1/projects/covid19-info-and-help  
 
[debug] [2020-04-04T19:11:29.688Z] <<< HTTP RESPONSE 200
[info] 
=== Database Setup
[info] 
[info] Firebase Realtime Database Rules allow you to define how your data should be
[info] structured and when your data can be read from and written to.
[info] 
